<class department="ComputerScience" number="235" section="1">
	<instructor id='0'
	 	mm='111'>

		<faculty id="1000"
		 phone="(801)422-1111">
		
		<name phone="(801)422-2222"
		sss="dfdf">
		Joe's Smart</name>
			
			<address>1111TMCB</address>			<title>Professor</title>			<department>Computer Science</department>
			asasasasasasasas
		</faculty>
		
	</instructor>
	
	<students>
<student id="333333333" gpa='2.90' phone="(801)375-3333">	gffdgf
			<name>Randy Cox</name>			<address>300,West333 NorthProvo,UT84604</address>
			<major>ComputerScience</major>
		
</student>

</students>
	
<student id="123456789" gpa='3.56' phone="(801)375-1234">
			<name>Bill White</name>
			<address>300 ,West721 NorthProvo,UT84604</address>
			<major>Computer Science</major>
</student>

</class>
